<?xml version="1.0" encoding="UTF-8"?>
<!-- Generated by org.testng.reporters.JUnitXMLReporter -->
<testsuite hostname="HPENVY" ignored="0" name="Test" tests="13" failures="1" timestamp="03 Mar 2022 12:15:14 GMT" time="210.878" errors="0">
  <testcase name="firstCase" time="20.606" classname="com.c6.TestCases.ImplementCases"/>
  <testcase name="registrationpage" time="8.191" classname="com.c6.TestCases.ImplementCases"/>
  <testcase name="registration" time="25.097" classname="com.c6.TestCases.ImplementCases"/>
  <testcase name="verificationemail" time="16.305" classname="com.c6.TestCases.ImplementCases"/>
  <testcase name="nonactivated" time="17.232" classname="com.c6.TestCases.ImplementCases"/>
  <testcase name="invalidemail" time="15.732" classname="com.c6.TestCases.ImplementCases"/>
  <testcase name="invalidpassword" time="15.552" classname="com.c6.TestCases.ImplementCases"/>
  <testcase name="forgotpasswordpage" time="9.172" classname="com.c6.TestCases.ImplementCases"/>
  <testcase name="forgotpasswordnonregestired" time="24.351" classname="com.c6.TestCases.ImplementCases"/>
  <testcase name="forgotpasswordregisteredemail" time="11.311" classname="com.c6.TestCases.ImplementCases">
    <failure type="java.lang.NullPointerException">
      <![CDATA[java.lang.NullPointerException
at com.c6.TestCases.ImplementCases.forgotpasswordregisteredemail(ImplementCases.java:365)
... Removed 25 stack frames]]>
    </failure>
  </testcase> <!-- forgotpasswordregisteredemail -->
  <testcase name="forgotpasswordemail" time="15.297" classname="com.c6.TestCases.ImplementCases"/>
  <testcase name="resetpassword" time="21.339" classname="com.c6.TestCases.ImplementCases"/>
  <testcase name="login" time="9.765" classname="com.c6.TestCases.ImplementCases"/>
</testsuite> <!-- Test -->
