<?xml version="1.0" encoding="UTF-8"?>
<testng-results skipped="0" failed="1" ignored="0" total="13" passed="12">
  <reporter-output>
  </reporter-output>
  <suite name="Suite" duration-ms="210878" started-at="2022-03-03T12:11:43Z" finished-at="2022-03-03T12:15:14Z">
    <groups>
    </groups>
    <test name="Test" duration-ms="210878" started-at="2022-03-03T12:11:43Z" finished-at="2022-03-03T12:15:14Z">
      <class name="com.c6.TestCases.ImplementCases">
        <test-method status="PASS" signature="setExtent()[pri:0, instance:com.c6.TestCases.ImplementCases@7276c8cd]" name="setExtent" is-config="true" duration-ms="510" started-at="2022-03-03T12:11:43Z" finished-at="2022-03-03T12:11:43Z">
          <reporter-output>
          </reporter-output>
        </test-method> <!-- setExtent -->
        <test-method status="PASS" signature="firstCase()[pri:0, instance:com.c6.TestCases.ImplementCases@7276c8cd]" name="firstCase" duration-ms="20606" started-at="2022-03-03T12:11:43Z" finished-at="2022-03-03T12:12:04Z">
          <reporter-output>
          </reporter-output>
        </test-method> <!-- firstCase -->
        <test-method status="PASS" signature="tearDown(org.testng.ITestResult)[pri:0, instance:com.c6.TestCases.ImplementCases@7276c8cd]" name="tearDown" is-config="true" duration-ms="13" started-at="2022-03-03T12:12:04Z" finished-at="2022-03-03T12:12:04Z">
          <params>
            <param index="0">
              <value>
                <![CDATA[[TestResult name=firstCase status=SUCCESS method=ImplementCases.firstCase()[pri:0, instance:com.c6.TestCases.ImplementCases@7276c8cd] output={null}]]]>
              </value>
            </param>
          </params>
          <reporter-output>
          </reporter-output>
        </test-method> <!-- tearDown -->
        <test-method status="PASS" signature="registrationpage()[pri:1, instance:com.c6.TestCases.ImplementCases@7276c8cd]" name="registrationpage" duration-ms="8191" started-at="2022-03-03T12:12:04Z" finished-at="2022-03-03T12:12:12Z">
          <reporter-output>
          </reporter-output>
        </test-method> <!-- registrationpage -->
        <test-method status="PASS" signature="tearDown(org.testng.ITestResult)[pri:0, instance:com.c6.TestCases.ImplementCases@7276c8cd]" name="tearDown" is-config="true" duration-ms="1" started-at="2022-03-03T12:12:12Z" finished-at="2022-03-03T12:12:12Z">
          <params>
            <param index="0">
              <value>
                <![CDATA[[TestResult name=registrationpage status=SUCCESS method=ImplementCases.registrationpage()[pri:1, instance:com.c6.TestCases.ImplementCases@7276c8cd] output={null}]]]>
              </value>
            </param>
          </params>
          <reporter-output>
          </reporter-output>
        </test-method> <!-- tearDown -->
        <test-method status="PASS" signature="registration()[pri:2, instance:com.c6.TestCases.ImplementCases@7276c8cd]" name="registration" duration-ms="25097" started-at="2022-03-03T12:12:12Z" finished-at="2022-03-03T12:12:37Z">
          <reporter-output>
          </reporter-output>
        </test-method> <!-- registration -->
        <test-method status="PASS" signature="tearDown(org.testng.ITestResult)[pri:0, instance:com.c6.TestCases.ImplementCases@7276c8cd]" name="tearDown" is-config="true" duration-ms="1" started-at="2022-03-03T12:12:37Z" finished-at="2022-03-03T12:12:37Z">
          <params>
            <param index="0">
              <value>
                <![CDATA[[TestResult name=registration status=SUCCESS method=ImplementCases.registration()[pri:2, instance:com.c6.TestCases.ImplementCases@7276c8cd] output={null}]]]>
              </value>
            </param>
          </params>
          <reporter-output>
          </reporter-output>
        </test-method> <!-- tearDown -->
        <test-method status="PASS" signature="verificationemail()[pri:3, instance:com.c6.TestCases.ImplementCases@7276c8cd]" name="verificationemail" duration-ms="16305" started-at="2022-03-03T12:12:37Z" finished-at="2022-03-03T12:12:53Z">
          <reporter-output>
          </reporter-output>
        </test-method> <!-- verificationemail -->
        <test-method status="PASS" signature="tearDown(org.testng.ITestResult)[pri:0, instance:com.c6.TestCases.ImplementCases@7276c8cd]" name="tearDown" is-config="true" duration-ms="1" started-at="2022-03-03T12:12:53Z" finished-at="2022-03-03T12:12:53Z">
          <params>
            <param index="0">
              <value>
                <![CDATA[[TestResult name=verificationemail status=SUCCESS method=ImplementCases.verificationemail()[pri:3, instance:com.c6.TestCases.ImplementCases@7276c8cd] output={null}]]]>
              </value>
            </param>
          </params>
          <reporter-output>
          </reporter-output>
        </test-method> <!-- tearDown -->
        <test-method status="PASS" signature="nonactivated()[pri:4, instance:com.c6.TestCases.ImplementCases@7276c8cd]" name="nonactivated" duration-ms="17232" started-at="2022-03-03T12:12:53Z" finished-at="2022-03-03T12:13:11Z">
          <reporter-output>
          </reporter-output>
        </test-method> <!-- nonactivated -->
        <test-method status="PASS" signature="tearDown(org.testng.ITestResult)[pri:0, instance:com.c6.TestCases.ImplementCases@7276c8cd]" name="tearDown" is-config="true" duration-ms="1" started-at="2022-03-03T12:13:11Z" finished-at="2022-03-03T12:13:11Z">
          <params>
            <param index="0">
              <value>
                <![CDATA[[TestResult name=nonactivated status=SUCCESS method=ImplementCases.nonactivated()[pri:4, instance:com.c6.TestCases.ImplementCases@7276c8cd] output={null}]]]>
              </value>
            </param>
          </params>
          <reporter-output>
          </reporter-output>
        </test-method> <!-- tearDown -->
        <test-method status="PASS" signature="invalidemail()[pri:5, instance:com.c6.TestCases.ImplementCases@7276c8cd]" name="invalidemail" duration-ms="15732" started-at="2022-03-03T12:13:11Z" finished-at="2022-03-03T12:13:26Z">
          <reporter-output>
          </reporter-output>
        </test-method> <!-- invalidemail -->
        <test-method status="PASS" signature="tearDown(org.testng.ITestResult)[pri:0, instance:com.c6.TestCases.ImplementCases@7276c8cd]" name="tearDown" is-config="true" duration-ms="1" started-at="2022-03-03T12:13:26Z" finished-at="2022-03-03T12:13:26Z">
          <params>
            <param index="0">
              <value>
                <![CDATA[[TestResult name=invalidemail status=SUCCESS method=ImplementCases.invalidemail()[pri:5, instance:com.c6.TestCases.ImplementCases@7276c8cd] output={null}]]]>
              </value>
            </param>
          </params>
          <reporter-output>
          </reporter-output>
        </test-method> <!-- tearDown -->
        <test-method status="PASS" signature="invalidpassword()[pri:6, instance:com.c6.TestCases.ImplementCases@7276c8cd]" name="invalidpassword" duration-ms="15552" started-at="2022-03-03T12:13:26Z" finished-at="2022-03-03T12:13:42Z">
          <reporter-output>
          </reporter-output>
        </test-method> <!-- invalidpassword -->
        <test-method status="PASS" signature="tearDown(org.testng.ITestResult)[pri:0, instance:com.c6.TestCases.ImplementCases@7276c8cd]" name="tearDown" is-config="true" duration-ms="1" started-at="2022-03-03T12:13:42Z" finished-at="2022-03-03T12:13:42Z">
          <params>
            <param index="0">
              <value>
                <![CDATA[[TestResult name=invalidpassword status=SUCCESS method=ImplementCases.invalidpassword()[pri:6, instance:com.c6.TestCases.ImplementCases@7276c8cd] output={null}]]]>
              </value>
            </param>
          </params>
          <reporter-output>
          </reporter-output>
        </test-method> <!-- tearDown -->
        <test-method status="PASS" signature="forgotpasswordpage()[pri:7, instance:com.c6.TestCases.ImplementCases@7276c8cd]" name="forgotpasswordpage" duration-ms="9172" started-at="2022-03-03T12:13:42Z" finished-at="2022-03-03T12:13:51Z">
          <reporter-output>
          </reporter-output>
        </test-method> <!-- forgotpasswordpage -->
        <test-method status="PASS" signature="tearDown(org.testng.ITestResult)[pri:0, instance:com.c6.TestCases.ImplementCases@7276c8cd]" name="tearDown" is-config="true" duration-ms="1" started-at="2022-03-03T12:13:51Z" finished-at="2022-03-03T12:13:51Z">
          <params>
            <param index="0">
              <value>
                <![CDATA[[TestResult name=forgotpasswordpage status=SUCCESS method=ImplementCases.forgotpasswordpage()[pri:7, instance:com.c6.TestCases.ImplementCases@7276c8cd] output={null}]]]>
              </value>
            </param>
          </params>
          <reporter-output>
          </reporter-output>
        </test-method> <!-- tearDown -->
        <test-method status="PASS" signature="forgotpasswordnonregestired()[pri:8, instance:com.c6.TestCases.ImplementCases@7276c8cd]" name="forgotpasswordnonregestired" duration-ms="24351" started-at="2022-03-03T12:13:51Z" finished-at="2022-03-03T12:14:15Z">
          <reporter-output>
          </reporter-output>
        </test-method> <!-- forgotpasswordnonregestired -->
        <test-method status="PASS" signature="tearDown(org.testng.ITestResult)[pri:0, instance:com.c6.TestCases.ImplementCases@7276c8cd]" name="tearDown" is-config="true" duration-ms="4" started-at="2022-03-03T12:14:15Z" finished-at="2022-03-03T12:14:15Z">
          <params>
            <param index="0">
              <value>
                <![CDATA[[TestResult name=forgotpasswordnonregestired status=SUCCESS method=ImplementCases.forgotpasswordnonregestired()[pri:8, instance:com.c6.TestCases.ImplementCases@7276c8cd] output={null}]]]>
              </value>
            </param>
          </params>
          <reporter-output>
          </reporter-output>
        </test-method> <!-- tearDown -->
        <test-method status="FAIL" signature="forgotpasswordregisteredemail()[pri:9, instance:com.c6.TestCases.ImplementCases@7276c8cd]" name="forgotpasswordregisteredemail" duration-ms="11311" started-at="2022-03-03T12:14:15Z" finished-at="2022-03-03T12:14:27Z">
          <exception class="java.lang.NullPointerException">
            <full-stacktrace>
              <![CDATA[java.lang.NullPointerException
at com.c6.TestCases.ImplementCases.forgotpasswordregisteredemail(ImplementCases.java:365)
at sun.reflect.NativeMethodAccessorImpl.invoke0(Native Method)
at sun.reflect.NativeMethodAccessorImpl.invoke(NativeMethodAccessorImpl.java:62)
at sun.reflect.DelegatingMethodAccessorImpl.invoke(DelegatingMethodAccessorImpl.java:43)
at java.lang.reflect.Method.invoke(Method.java:498)
at org.testng.internal.MethodInvocationHelper.invokeMethod(MethodInvocationHelper.java:124)
at org.testng.internal.Invoker.invokeMethod(Invoker.java:583)
at org.testng.internal.Invoker.invokeTestMethod(Invoker.java:719)
at org.testng.internal.Invoker.invokeTestMethods(Invoker.java:989)
at org.testng.internal.TestMethodWorker.invokeTestMethods(TestMethodWorker.java:125)
at org.testng.internal.TestMethodWorker.run(TestMethodWorker.java:109)
at org.testng.TestRunner.privateRun(TestRunner.java:648)
at org.testng.TestRunner.run(TestRunner.java:505)
at org.testng.SuiteRunner.runTest(SuiteRunner.java:455)
at org.testng.SuiteRunner.runSequentially(SuiteRunner.java:450)
at org.testng.SuiteRunner.privateRun(SuiteRunner.java:415)
at org.testng.SuiteRunner.run(SuiteRunner.java:364)
at org.testng.SuiteRunnerWorker.runSuite(SuiteRunnerWorker.java:52)
at org.testng.SuiteRunnerWorker.run(SuiteRunnerWorker.java:84)
at org.testng.TestNG.runSuitesSequentially(TestNG.java:1208)
at org.testng.TestNG.runSuitesLocally(TestNG.java:1137)
at org.testng.TestNG.runSuites(TestNG.java:1049)
at org.testng.TestNG.run(TestNG.java:1017)
at org.testng.remote.AbstractRemoteTestNG.run(AbstractRemoteTestNG.java:114)
at org.testng.remote.RemoteTestNG.initAndRun(RemoteTestNG.java:251)
at org.testng.remote.RemoteTestNG.main(RemoteTestNG.java:77)
]]>
            </full-stacktrace>
          </exception> <!-- java.lang.NullPointerException -->
          <reporter-output>
          </reporter-output>
        </test-method> <!-- forgotpasswordregisteredemail -->
        <test-method status="PASS" signature="tearDown(org.testng.ITestResult)[pri:0, instance:com.c6.TestCases.ImplementCases@7276c8cd]" name="tearDown" is-config="true" duration-ms="777" started-at="2022-03-03T12:14:27Z" finished-at="2022-03-03T12:14:28Z">
          <params>
            <param index="0">
              <value>
                <![CDATA[[TestResult name=forgotpasswordregisteredemail status=FAILURE method=ImplementCases.forgotpasswordregisteredemail()[pri:9, instance:com.c6.TestCases.ImplementCases@7276c8cd] output={null}]]]>
              </value>
            </param>
          </params>
          <reporter-output>
          </reporter-output>
        </test-method> <!-- tearDown -->
        <test-method status="PASS" signature="forgotpasswordemail()[pri:10, instance:com.c6.TestCases.ImplementCases@7276c8cd]" name="forgotpasswordemail" duration-ms="15297" started-at="2022-03-03T12:14:28Z" finished-at="2022-03-03T12:14:43Z">
          <reporter-output>
          </reporter-output>
        </test-method> <!-- forgotpasswordemail -->
        <test-method status="PASS" signature="tearDown(org.testng.ITestResult)[pri:0, instance:com.c6.TestCases.ImplementCases@7276c8cd]" name="tearDown" is-config="true" duration-ms="1" started-at="2022-03-03T12:14:43Z" finished-at="2022-03-03T12:14:43Z">
          <params>
            <param index="0">
              <value>
                <![CDATA[[TestResult name=forgotpasswordemail status=SUCCESS method=ImplementCases.forgotpasswordemail()[pri:10, instance:com.c6.TestCases.ImplementCases@7276c8cd] output={null}]]]>
              </value>
            </param>
          </params>
          <reporter-output>
          </reporter-output>
        </test-method> <!-- tearDown -->
        <test-method status="PASS" signature="resetpassword()[pri:11, instance:com.c6.TestCases.ImplementCases@7276c8cd]" name="resetpassword" duration-ms="21339" started-at="2022-03-03T12:14:43Z" finished-at="2022-03-03T12:15:04Z">
          <reporter-output>
          </reporter-output>
        </test-method> <!-- resetpassword -->
        <test-method status="PASS" signature="tearDown(org.testng.ITestResult)[pri:0, instance:com.c6.TestCases.ImplementCases@7276c8cd]" name="tearDown" is-config="true" duration-ms="1" started-at="2022-03-03T12:15:04Z" finished-at="2022-03-03T12:15:04Z">
          <params>
            <param index="0">
              <value>
                <![CDATA[[TestResult name=resetpassword status=SUCCESS method=ImplementCases.resetpassword()[pri:11, instance:com.c6.TestCases.ImplementCases@7276c8cd] output={null}]]]>
              </value>
            </param>
          </params>
          <reporter-output>
          </reporter-output>
        </test-method> <!-- tearDown -->
        <test-method status="PASS" signature="login()[pri:12, instance:com.c6.TestCases.ImplementCases@7276c8cd]" name="login" duration-ms="9765" started-at="2022-03-03T12:15:04Z" finished-at="2022-03-03T12:15:14Z">
          <reporter-output>
          </reporter-output>
        </test-method> <!-- login -->
        <test-method status="PASS" signature="tearDown(org.testng.ITestResult)[pri:0, instance:com.c6.TestCases.ImplementCases@7276c8cd]" name="tearDown" is-config="true" duration-ms="1" started-at="2022-03-03T12:15:14Z" finished-at="2022-03-03T12:15:14Z">
          <params>
            <param index="0">
              <value>
                <![CDATA[[TestResult name=login status=SUCCESS method=ImplementCases.login()[pri:12, instance:com.c6.TestCases.ImplementCases@7276c8cd] output={null}]]]>
              </value>
            </param>
          </params>
          <reporter-output>
          </reporter-output>
        </test-method> <!-- tearDown -->
        <test-method status="PASS" signature="endReport()[pri:0, instance:com.c6.TestCases.ImplementCases@7276c8cd]" name="endReport" is-config="true" duration-ms="1301" started-at="2022-03-03T12:15:14Z" finished-at="2022-03-03T12:15:15Z">
          <reporter-output>
          </reporter-output>
        </test-method> <!-- endReport -->
      </class> <!-- com.c6.TestCases.ImplementCases -->
    </test> <!-- Test -->
  </suite> <!-- Suite -->
</testng-results>
